{"/home/am-pc-52/react-testing/src/App.tsx": {"path":"/home/am-pc-52/react-testing/src/App.tsx","statementMap":{"0":{"start":{"line":8,"column":2},"end":{"line":14,"column":4}}},"fnMap":{"0":{"name":"App","decl":{"start":{"line":7,"column":9},"end":{"line":7,"column":12}},"loc":{"start":{"line":7,"column":15},"end":{"line":15,"column":1}},"line":7}},"branchMap":{},"s":{"0":0},"f":{"0":0},"b":{}}
,"/home/am-pc-52/react-testing/src/components/counter-two/counter-two.type.ts": {"path":"/home/am-pc-52/react-testing/src/components/counter-two/counter-two.type.ts","statementMap":{},"fnMap":{},"branchMap":{},"s":{},"f":{},"b":{}}
,"/home/am-pc-52/react-testing/src/components/counter-two/counter.two.tsx": {"path":"/home/am-pc-52/react-testing/src/components/counter-two/counter.two.tsx","statementMap":{"0":{"start":{"line":3,"column":26},"end":{"line":16,"column":1}},"1":{"start":{"line":4,"column":4},"end":{"line":15,"column":5}}},"fnMap":{"0":{"name":"(anonymous_0)","decl":{"start":{"line":3,"column":26},"end":{"line":3,"column":27}},"loc":{"start":{"line":3,"column":54},"end":{"line":16,"column":1}},"line":3}},"branchMap":{"0":{"loc":{"start":{"line":8,"column":13},"end":{"line":10,"column":13}},"type":"binary-expr","locations":[{"start":{"line":8,"column":13},"end":{"line":8,"column":34}},{"start":{"line":9,"column":16},"end":{"line":9,"column":74}}],"line":8},"1":{"loc":{"start":{"line":11,"column":13},"end":{"line":13,"column":13}},"type":"binary-expr","locations":[{"start":{"line":11,"column":13},"end":{"line":11,"column":34}},{"start":{"line":12,"column":16},"end":{"line":12,"column":74}}],"line":11}},"s":{"0":1,"1":2},"f":{"0":2},"b":{"0":[2,1],"1":[2,1]},"_coverageSchema":"1a1c01bbd47fc00a2c39e90264f33305004495a9","hash":"fca3aebbed43824010e93092cda5432cc1fdd352"}
,"/home/am-pc-52/react-testing/src/components/users/users.tsx": {"path":"/home/am-pc-52/react-testing/src/components/users/users.tsx","statementMap":{"0":{"start":{"line":3,"column":21},"end":{"line":25,"column":1}},"1":{"start":{"line":4,"column":30},"end":{"line":4,"column":52}},"2":{"start":{"line":5,"column":30},"end":{"line":5,"column":59}},"3":{"start":{"line":7,"column":4},"end":{"line":12,"column":10}},"4":{"start":{"line":8,"column":8},"end":{"line":11,"column":56}},"5":{"start":{"line":9,"column":27},"end":{"line":9,"column":37}},"6":{"start":{"line":10,"column":28},"end":{"line":10,"column":85}},"7":{"start":{"line":10,"column":74},"end":{"line":10,"column":83}},"8":{"start":{"line":11,"column":23},"end":{"line":11,"column":55}},"9":{"start":{"line":14,"column":4},"end":{"line":24,"column":5}},"10":{"start":{"line":20,"column":20},"end":{"line":20,"column":53}}},"fnMap":{"0":{"name":"(anonymous_0)","decl":{"start":{"line":3,"column":21},"end":{"line":3,"column":22}},"loc":{"start":{"line":3,"column":27},"end":{"line":25,"column":1}},"line":3},"1":{"name":"(anonymous_1)","decl":{"start":{"line":7,"column":14},"end":{"line":7,"column":15}},"loc":{"start":{"line":7,"column":20},"end":{"line":12,"column":5}},"line":7},"2":{"name":"(anonymous_2)","decl":{"start":{"line":9,"column":18},"end":{"line":9,"column":19}},"loc":{"start":{"line":9,"column":27},"end":{"line":9,"column":37}},"line":9},"3":{"name":"(anonymous_3)","decl":{"start":{"line":10,"column":18},"end":{"line":10,"column":19}},"loc":{"start":{"line":10,"column":28},"end":{"line":10,"column":85}},"line":10},"4":{"name":"(anonymous_4)","decl":{"start":{"line":10,"column":46},"end":{"line":10,"column":47}},"loc":{"start":{"line":10,"column":74},"end":{"line":10,"column":83}},"line":10},"5":{"name":"(anonymous_5)","decl":{"start":{"line":11,"column":19},"end":{"line":11,"column":20}},"loc":{"start":{"line":11,"column":23},"end":{"line":11,"column":55}},"line":11},"6":{"name":"(anonymous_6)","decl":{"start":{"line":19,"column":27},"end":{"line":19,"column":28}},"loc":{"start":{"line":19,"column":37},"end":{"line":21,"column":17}},"line":19}},"branchMap":{"0":{"loc":{"start":{"line":17,"column":13},"end":{"line":17,"column":36}},"type":"binary-expr","locations":[{"start":{"line":17,"column":13},"end":{"line":17,"column":18}},{"start":{"line":17,"column":22},"end":{"line":17,"column":36}}],"line":17}},"s":{"0":1,"1":5,"2":5,"3":5,"4":3,"5":3,"6":2,"7":6,"8":1,"9":5,"10":3},"f":{"0":5,"1":3,"2":3,"3":2,"4":6,"5":1,"6":3},"b":{"0":[5,1]},"_coverageSchema":"1a1c01bbd47fc00a2c39e90264f33305004495a9","hash":"9632e51f0d3a9a8d57d52863928bd9f21ffbdd36"}
,"/home/am-pc-52/react-testing/src/hooks/customHook/useCounter.tsx": {"path":"/home/am-pc-52/react-testing/src/hooks/customHook/useCounter.tsx","statementMap":{"0":{"start":{"line":4,"column":26},"end":{"line":10,"column":1}},"1":{"start":{"line":5,"column":30},"end":{"line":5,"column":52}},"2":{"start":{"line":7,"column":20},"end":{"line":7,"column":48}},"3":{"start":{"line":7,"column":24},"end":{"line":7,"column":48}},"4":{"start":{"line":7,"column":41},"end":{"line":7,"column":47}},"5":{"start":{"line":8,"column":22},"end":{"line":8,"column":56}},"6":{"start":{"line":8,"column":28},"end":{"line":8,"column":56}},"7":{"start":{"line":8,"column":47},"end":{"line":8,"column":55}},"8":{"start":{"line":9,"column":4},"end":{"line":9,"column":38}}},"fnMap":{"0":{"name":"(anonymous_0)","decl":{"start":{"line":4,"column":26},"end":{"line":4,"column":27}},"loc":{"start":{"line":4,"column":74},"end":{"line":10,"column":1}},"line":4},"1":{"name":"(anonymous_1)","decl":{"start":{"line":7,"column":20},"end":{"line":7,"column":21}},"loc":{"start":{"line":7,"column":24},"end":{"line":7,"column":48}},"line":7},"2":{"name":"(anonymous_2)","decl":{"start":{"line":7,"column":33},"end":{"line":7,"column":34}},"loc":{"start":{"line":7,"column":41},"end":{"line":7,"column":47}},"line":7},"3":{"name":"(anonymous_3)","decl":{"start":{"line":8,"column":22},"end":{"line":8,"column":23}},"loc":{"start":{"line":8,"column":28},"end":{"line":8,"column":56}},"line":8},"4":{"name":"(anonymous_4)","decl":{"start":{"line":8,"column":37},"end":{"line":8,"column":38}},"loc":{"start":{"line":8,"column":47},"end":{"line":8,"column":55}},"line":8}},"branchMap":{"0":{"loc":{"start":{"line":4,"column":27},"end":{"line":4,"column":69}},"type":"default-arg","locations":[{"start":{"line":4,"column":67},"end":{"line":4,"column":69}}],"line":4},"1":{"loc":{"start":{"line":4,"column":29},"end":{"line":4,"column":45}},"type":"default-arg","locations":[{"start":{"line":4,"column":44},"end":{"line":4,"column":45}}],"line":4}},"s":{"0":1,"1":8,"2":8,"3":2,"4":2,"5":8,"6":1,"7":1,"8":8},"f":{"0":8,"1":2,"2":2,"3":1,"4":1},"b":{"0":[5],"1":[5]},"_coverageSchema":"1a1c01bbd47fc00a2c39e90264f33305004495a9","hash":"5002dfc5fa120bffde02aa642242210f41cc8969"}
,"/home/am-pc-52/react-testing/src/hooks/customHook/useCounter.type.ts": {"path":"/home/am-pc-52/react-testing/src/hooks/customHook/useCounter.type.ts","statementMap":{},"fnMap":{},"branchMap":{},"s":{},"f":{},"b":{}}
,"/home/am-pc-52/react-testing/src/mocks/handlers.ts": {"path":"/home/am-pc-52/react-testing/src/mocks/handlers.ts","statementMap":{"0":{"start":{"line":3,"column":24},"end":{"line":18,"column":1}},"1":{"start":{"line":5,"column":8},"end":{"line":16,"column":11}}},"fnMap":{"0":{"name":"(anonymous_0)","decl":{"start":{"line":4,"column":59},"end":{"line":4,"column":60}},"loc":{"start":{"line":4,"column":77},"end":{"line":17,"column":5}},"line":4}},"branchMap":{},"s":{"0":3,"1":2},"f":{"0":2},"b":{},"_coverageSchema":"1a1c01bbd47fc00a2c39e90264f33305004495a9","hash":"1790dd0cf5abefbaec2ff9adf6bb9ac29b0d5956"}
,"/home/am-pc-52/react-testing/src/mocks/server.ts": {"path":"/home/am-pc-52/react-testing/src/mocks/server.ts","statementMap":{"0":{"start":{"line":6,"column":22},"end":{"line":6,"column":46}}},"fnMap":{},"branchMap":{},"s":{"0":3},"f":{},"b":{},"_coverageSchema":"1a1c01bbd47fc00a2c39e90264f33305004495a9","hash":"5ea60484eae7fd18d642a63221c747b1860a8a76"}
}
